-------------------------------------------------------------------------------
Test set: com.example.demo.BootjpaApplicationTests
-------------------------------------------------------------------------------
Tests run: 1, Failures: 0, Errors: 1, Skipped: 0, Time elapsed: 5.988 s <<< FAILURE! - in com.example.demo.BootjpaApplicationTests
contextLoads  Time elapsed: 0.014 s  <<< ERROR!
java.lang.IllegalStateException: Failed to load ApplicationContext
Caused by: org.springframework.beans.factory.UnsatisfiedDependencyException: Error creating bean with name 'bookDemo' defined in com.example.demo.BootjpaApplication: Unsatisfied dependency expressed through method 'bookDemo' parameter 0; nested exception is org.springframework.beans.factory.NoSuchBeanDefinitionException: No qualifying bean of type 'com.shopping.repository.BookRepository' available: expected at least 1 bean which qualifies as autowire candidate. Dependency annotations: {}
Caused by: org.springframework.beans.factory.NoSuchBeanDefinitionException: No qualifying bean of type 'com.shopping.repository.BookRepository' available: expected at least 1 bean which qualifies as autowire candidate. Dependency annotations: {}

